This file contains any messages produced by compilers while
running configure, to aid debugging if configure makes a mistake.

It was created by tfs configure 2.2.0, which was
generated by GNU Autoconf 2.69.  Invocation command line was

  $ ./configure --prefix=/usr/local/

## --------- ##
## Platform. ##
## --------- ##

hostname = localhost.localdomain
uname -m = x86_64
uname -r = 3.10.0-327.el7.x86_64
uname -s = Linux
uname -v = #1 SMP Thu Nov 19 22:10:57 UTC 2015

/usr/bin/uname -p = x86_64
/bin/uname -X     = unknown

/bin/arch              = x86_64
/usr/bin/arch -k       = unknown
/usr/convex/getsysinfo = unknown
/usr/bin/hostinfo      = unknown
/bin/machine           = unknown
/usr/bin/oslevel       = unknown
/bin/universe          = unknown

PATH: /usr/local/sbin
PATH: /usr/local/bin
PATH: /usr/sbin
PATH: /usr/bin
PATH: /root/bin


## ----------- ##
## Core tests. ##
## ----------- ##

configure:2489: checking for a BSD-compatible install
configure:2557: result: /usr/bin/install -c
configure:2568: checking whether build environment is sane
configure:2623: result: yes
configure:2774: checking for a thread-safe mkdir -p
configure:2813: result: /usr/bin/mkdir -p
configure:2820: checking for gawk
configure:2836: found /usr/bin/gawk
configure:2847: result: gawk
configure:2858: checking whether make sets $(MAKE)
configure:2880: result: yes
configure:2909: checking whether make supports nested variables
configure:2926: result: yes
configure:3016: checking for gawk
configure:3043: result: gawk
configure:3112: checking for g++
configure:3128: found /usr/bin/g++
configure:3139: result: g++
configure:3166: checking for C++ compiler version
configure:3175: g++ --version >&5
g++ (GCC) 4.8.5 20150623 (Red Hat 4.8.5-4)
Copyright (C) 2015 Free Software Foundation, Inc.
This is free software; see the source for copying conditions.  There is NO
warranty; not even for MERCHANTABILITY or FITNESS FOR A PARTICULAR PURPOSE.

configure:3186: $? = 0
configure:3175: g++ -v >&5
Using built-in specs.
COLLECT_GCC=g++
COLLECT_LTO_WRAPPER=/usr/libexec/gcc/x86_64-redhat-linux/4.8.5/lto-wrapper
Target: x86_64-redhat-linux
Configured with: ../configure --prefix=/usr --mandir=/usr/share/man --infodir=/usr/share/info --with-bugurl=http://bugzilla.redhat.com/bugzilla --enable-bootstrap --enable-shared --enable-threads=posix --enable-checking=release --with-system-zlib --enable-__cxa_atexit --disable-libunwind-exceptions --enable-gnu-unique-object --enable-linker-build-id --with-linker-hash-style=gnu --enable-languages=c,c++,objc,obj-c++,java,fortran,ada,go,lto --enable-plugin --enable-initfini-array --disable-libgcj --with-isl=/builddir/build/BUILD/gcc-4.8.5-20150702/obj-x86_64-redhat-linux/isl-install --with-cloog=/builddir/build/BUILD/gcc-4.8.5-20150702/obj-x86_64-redhat-linux/cloog-install --enable-gnu-indirect-function --with-tune=generic --with-arch_32=x86-64 --build=x86_64-redhat-linux
Thread model: posix
gcc version 4.8.5 20150623 (Red Hat 4.8.5-4) (GCC) 
configure:3186: $? = 0
configure:3175: g++ -V >&5
g++: error: unrecognized command line option '-V'
g++: fatal error: no input files
compilation terminated.
configure:3186: $? = 4
configure:3175: g++ -qversion >&5
g++: error: unrecognized command line option '-qversion'
g++: fatal error: no input files
compilation terminated.
configure:3186: $? = 4
configure:3206: checking whether the C++ compiler works
configure:3228: g++    conftest.cpp  >&5
configure:3232: $? = 0
configure:3280: result: yes
configure:3283: checking for C++ compiler default output file name
configure:3285: result: a.out
configure:3291: checking for suffix of executables
configure:3298: g++ -o conftest    conftest.cpp  >&5
configure:3302: $? = 0
configure:3324: result: 
configure:3346: checking whether we are cross compiling
configure:3354: g++ -o conftest    conftest.cpp  >&5
configure:3358: $? = 0
configure:3365: ./conftest
configure:3369: $? = 0
configure:3384: result: no
configure:3389: checking for suffix of object files
configure:3411: g++ -c   conftest.cpp >&5
configure:3415: $? = 0
configure:3436: result: o
configure:3440: checking whether we are using the GNU C++ compiler
configure:3459: g++ -c   conftest.cpp >&5
configure:3459: $? = 0
configure:3468: result: yes
configure:3477: checking whether g++ accepts -g
configure:3497: g++ -c -g  conftest.cpp >&5
configure:3497: $? = 0
configure:3538: result: yes
configure:3572: checking for style of include used by make
configure:3600: result: GNU
configure:3626: checking dependency style of g++
configure:3737: result: gcc3
configure:3800: checking for gcc
configure:3816: found /usr/bin/gcc
configure:3827: result: gcc
configure:4056: checking for C compiler version
configure:4065: gcc --version >&5
gcc (GCC) 4.8.5 20150623 (Red Hat 4.8.5-4)
Copyright (C) 2015 Free Software Foundation, Inc.
This is free software; see the source for copying conditions.  There is NO
warranty; not even for MERCHANTABILITY or FITNESS FOR A PARTICULAR PURPOSE.

configure:4076: $? = 0
configure:4065: gcc -v >&5
Using built-in specs.
COLLECT_GCC=gcc
COLLECT_LTO_WRAPPER=/usr/libexec/gcc/x86_64-redhat-linux/4.8.5/lto-wrapper
Target: x86_64-redhat-linux
Configured with: ../configure --prefix=/usr --mandir=/usr/share/man --infodir=/usr/share/info --with-bugurl=http://bugzilla.redhat.com/bugzilla --enable-bootstrap --enable-shared --enable-threads=posix --enable-checking=release --with-system-zlib --enable-__cxa_atexit --disable-libunwind-exceptions --enable-gnu-unique-object --enable-linker-build-id --with-linker-hash-style=gnu --enable-languages=c,c++,objc,obj-c++,java,fortran,ada,go,lto --enable-plugin --enable-initfini-array --disable-libgcj --with-isl=/builddir/build/BUILD/gcc-4.8.5-20150702/obj-x86_64-redhat-linux/isl-install --with-cloog=/builddir/build/BUILD/gcc-4.8.5-20150702/obj-x86_64-redhat-linux/cloog-install --enable-gnu-indirect-function --with-tune=generic --with-arch_32=x86-64 --build=x86_64-redhat-linux
Thread model: posix
gcc version 4.8.5 20150623 (Red Hat 4.8.5-4) (GCC) 
configure:4076: $? = 0
configure:4065: gcc -V >&5
gcc: error: unrecognized command line option '-V'
gcc: fatal error: no input files
compilation terminated.
configure:4076: $? = 4
configure:4065: gcc -qversion >&5
gcc: error: unrecognized command line option '-qversion'
gcc: fatal error: no input files
compilation terminated.
configure:4076: $? = 4
configure:4080: checking whether we are using the GNU C compiler
configure:4099: gcc -c   conftest.c >&5
configure:4099: $? = 0
configure:4108: result: yes
configure:4117: checking whether gcc accepts -g
configure:4137: gcc -c -g  conftest.c >&5
configure:4137: $? = 0
configure:4178: result: yes
configure:4195: checking for gcc option to accept ISO C89
configure:4258: gcc  -c -g -O2  conftest.c >&5
configure:4258: $? = 0
configure:4271: result: none needed
configure:4293: checking dependency style of gcc
configure:4404: result: gcc3
configure:4420: checking whether make sets $(MAKE)
configure:4442: result: yes
configure:4494: checking for ranlib
configure:4510: found /usr/bin/ranlib
configure:4521: result: ranlib
configure:4572: checking build system type
configure:4586: result: x86_64-unknown-linux-gnu
configure:4606: checking host system type
configure:4619: result: x86_64-unknown-linux-gnu
configure:4660: checking how to print strings
configure:4687: result: printf
configure:4708: checking for a sed that does not truncate output
configure:4772: result: /usr/bin/sed
configure:4790: checking for grep that handles long lines and -e
configure:4848: result: /usr/bin/grep
configure:4853: checking for egrep
configure:4915: result: /usr/bin/grep -E
configure:4920: checking for fgrep
configure:4982: result: /usr/bin/grep -F
configure:5017: checking for ld used by gcc
configure:5084: result: /usr/bin/ld
configure:5091: checking if the linker (/usr/bin/ld) is GNU ld
configure:5106: result: yes
configure:5118: checking for BSD- or MS-compatible name lister (nm)
configure:5167: result: /usr/bin/nm -B
configure:5297: checking the name lister (/usr/bin/nm -B) interface
configure:5304: gcc -c -g -O2  conftest.c >&5
configure:5307: /usr/bin/nm -B "conftest.o"
configure:5310: output
0000000000000000 B some_variable
configure:5317: result: BSD nm
configure:5320: checking whether ln -s works
configure:5324: result: yes
configure:5332: checking the maximum length of command line arguments
configure:5462: result: 1572864
configure:5479: checking whether the shell understands some XSI constructs
configure:5489: result: yes
configure:5493: checking whether the shell understands "+="
configure:5499: result: yes
configure:5534: checking how to convert x86_64-unknown-linux-gnu file names to x86_64-unknown-linux-gnu format
configure:5574: result: func_convert_file_noop
configure:5581: checking how to convert x86_64-unknown-linux-gnu file names to toolchain format
configure:5601: result: func_convert_file_noop
configure:5608: checking for /usr/bin/ld option to reload object files
configure:5615: result: -r
configure:5689: checking for objdump
configure:5705: found /usr/bin/objdump
configure:5716: result: objdump
configure:5748: checking how to recognize dependent libraries
configure:5950: result: pass_all
configure:6035: checking for dlltool
configure:6065: result: no
configure:6095: checking how to associate runtime and link libraries
configure:6122: result: printf %s\n
configure:6183: checking for ar
configure:6199: found /usr/bin/ar
configure:6210: result: ar
configure:6247: checking for archiver @FILE support
configure:6264: gcc -c -g -O2  conftest.c >&5
configure:6264: $? = 0
configure:6267: ar cru libconftest.a @conftest.lst >&5
configure:6270: $? = 0
configure:6275: ar cru libconftest.a @conftest.lst >&5
ar: conftest.o: No such file or directory
configure:6278: $? = 1
configure:6290: result: @
configure:6348: checking for strip
configure:6364: found /usr/bin/strip
configure:6375: result: strip
configure:6447: checking for ranlib
configure:6474: result: ranlib
configure:6576: checking command to parse /usr/bin/nm -B output from gcc object
configure:6696: gcc -c -g -O2  conftest.c >&5
configure:6699: $? = 0
configure:6703: /usr/bin/nm -B conftest.o \| sed -n -e 's/^.*[ ]\([ABCDGIRSTW][ABCDGIRSTW]*\)[ ][ ]*\([_A-Za-z][_A-Za-z0-9]*\)$/\1 \2 \2/p' | sed '/ __gnu_lto/d' \> conftest.nm
configure:6706: $? = 0
configure:6772: gcc -o conftest -g -O2   conftest.c conftstm.o >&5
configure:6775: $? = 0
configure:6813: result: ok
configure:6850: checking for sysroot
configure:6880: result: no
configure:6957: gcc -c -g -O2  conftest.c >&5
configure:6960: $? = 0
configure:7136: checking for mt
configure:7166: result: no
configure:7186: checking if : is a manifest tool
configure:7192: : '-?'
configure:7200: result: no
configure:7842: checking how to run the C preprocessor
configure:7873: gcc -E  conftest.c
configure:7873: $? = 0
configure:7887: gcc -E  conftest.c
conftest.c:11:28: fatal error: ac_nonexistent.h: No such file or directory
 #include <ac_nonexistent.h>
                            ^
compilation terminated.
configure:7887: $? = 1
configure: failed program was:
| /* confdefs.h */
| #define PACKAGE_NAME "tfs"
| #define PACKAGE_TARNAME "tfs"
| #define PACKAGE_VERSION "2.2.0"
| #define PACKAGE_STRING "tfs 2.2.0"
| #define PACKAGE_BUGREPORT "duolong@taobao.com"
| #define PACKAGE_URL ""
| #define PACKAGE "tfs"
| #define VERSION "2.2.0"
| /* end confdefs.h.  */
| #include <ac_nonexistent.h>
configure:7912: result: gcc -E
configure:7932: gcc -E  conftest.c
configure:7932: $? = 0
configure:7946: gcc -E  conftest.c
conftest.c:11:28: fatal error: ac_nonexistent.h: No such file or directory
 #include <ac_nonexistent.h>
                            ^
compilation terminated.
configure:7946: $? = 1
configure: failed program was:
| /* confdefs.h */
| #define PACKAGE_NAME "tfs"
| #define PACKAGE_TARNAME "tfs"
| #define PACKAGE_VERSION "2.2.0"
| #define PACKAGE_STRING "tfs 2.2.0"
| #define PACKAGE_BUGREPORT "duolong@taobao.com"
| #define PACKAGE_URL ""
| #define PACKAGE "tfs"
| #define VERSION "2.2.0"
| /* end confdefs.h.  */
| #include <ac_nonexistent.h>
configure:7975: checking for ANSI C header files
configure:7995: gcc -c -g -O2  conftest.c >&5
configure:7995: $? = 0
configure:8068: gcc -o conftest -g -O2   conftest.c  >&5
configure:8068: $? = 0
configure:8068: ./conftest
configure:8068: $? = 0
configure:8079: result: yes
configure:8092: checking for sys/types.h
configure:8092: gcc -c -g -O2  conftest.c >&5
configure:8092: $? = 0
configure:8092: result: yes
configure:8092: checking for sys/stat.h
configure:8092: gcc -c -g -O2  conftest.c >&5
configure:8092: $? = 0
configure:8092: result: yes
configure:8092: checking for stdlib.h
configure:8092: gcc -c -g -O2  conftest.c >&5
configure:8092: $? = 0
configure:8092: result: yes
configure:8092: checking for string.h
configure:8092: gcc -c -g -O2  conftest.c >&5
configure:8092: $? = 0
configure:8092: result: yes
configure:8092: checking for memory.h
configure:8092: gcc -c -g -O2  conftest.c >&5
configure:8092: $? = 0
configure:8092: result: yes
configure:8092: checking for strings.h
configure:8092: gcc -c -g -O2  conftest.c >&5
configure:8092: $? = 0
configure:8092: result: yes
configure:8092: checking for inttypes.h
configure:8092: gcc -c -g -O2  conftest.c >&5
configure:8092: $? = 0
configure:8092: result: yes
configure:8092: checking for stdint.h
configure:8092: gcc -c -g -O2  conftest.c >&5
configure:8092: $? = 0
configure:8092: result: yes
configure:8092: checking for unistd.h
configure:8092: gcc -c -g -O2  conftest.c >&5
configure:8092: $? = 0
configure:8092: result: yes
configure:8106: checking for dlfcn.h
configure:8106: gcc -c -g -O2  conftest.c >&5
configure:8106: $? = 0
configure:8106: result: yes
configure:8323: checking for objdir
configure:8338: result: .libs
configure:8605: checking if gcc supports -fno-rtti -fno-exceptions
configure:8623: gcc -c -g -O2  -fno-rtti -fno-exceptions conftest.c >&5
cc1: warning: command line option '-fno-rtti' is valid for C++/ObjC++ but not for C [enabled by default]
configure:8627: $? = 0
configure:8640: result: no
configure:8967: checking for gcc option to produce PIC
configure:8974: result: -fPIC -DPIC
configure:8982: checking if gcc PIC flag -fPIC -DPIC works
configure:9000: gcc -c -g -O2  -fPIC -DPIC -DPIC conftest.c >&5
configure:9004: $? = 0
configure:9017: result: yes
configure:9046: checking if gcc static flag -static works
configure:9074: result: no
configure:9089: checking if gcc supports -c -o file.o
configure:9110: gcc -c -g -O2  -o out/conftest2.o conftest.c >&5
configure:9114: $? = 0
configure:9136: result: yes
configure:9144: checking if gcc supports -c -o file.o
configure:9191: result: yes
configure:9224: checking whether the gcc linker (/usr/bin/ld -m elf_x86_64) supports shared libraries
configure:10377: result: yes
configure:10414: checking whether -lc should be explicitly linked in
configure:10422: gcc -c -g -O2  conftest.c >&5
configure:10425: $? = 0
configure:10440: gcc -shared  -fPIC -DPIC conftest.o  -v -Wl,-soname -Wl,conftest -o conftest 2\>\&1 \| /usr/bin/grep  -lc  \>/dev/null 2\>\&1
configure:10443: $? = 0
configure:10457: result: no
configure:10617: checking dynamic linker characteristics
configure:11128: gcc -o conftest -g -O2   -Wl,-rpath -Wl,/foo conftest.c  >&5
configure:11128: $? = 0
configure:11354: result: GNU/Linux ld.so
configure:11461: checking how to hardcode library paths into programs
configure:11486: result: immediate
configure:12026: checking whether stripping libraries is possible
configure:12031: result: yes
configure:12066: checking if libtool supports shared libraries
configure:12068: result: yes
configure:12071: checking whether to build shared libraries
configure:12092: result: yes
configure:12095: checking whether to build static libraries
configure:12099: result: yes
configure:12122: checking how to run the C++ preprocessor
configure:12149: g++ -E  conftest.cpp
configure:12149: $? = 0
configure:12163: g++ -E  conftest.cpp
conftest.cpp:23:28: fatal error: ac_nonexistent.h: No such file or directory
 #include <ac_nonexistent.h>
                            ^
compilation terminated.
configure:12163: $? = 1
configure: failed program was:
| /* confdefs.h */
| #define PACKAGE_NAME "tfs"
| #define PACKAGE_TARNAME "tfs"
| #define PACKAGE_VERSION "2.2.0"
| #define PACKAGE_STRING "tfs 2.2.0"
| #define PACKAGE_BUGREPORT "duolong@taobao.com"
| #define PACKAGE_URL ""
| #define PACKAGE "tfs"
| #define VERSION "2.2.0"
| #define STDC_HEADERS 1
| #define HAVE_SYS_TYPES_H 1
| #define HAVE_SYS_STAT_H 1
| #define HAVE_STDLIB_H 1
| #define HAVE_STRING_H 1
| #define HAVE_MEMORY_H 1
| #define HAVE_STRINGS_H 1
| #define HAVE_INTTYPES_H 1
| #define HAVE_STDINT_H 1
| #define HAVE_UNISTD_H 1
| #define HAVE_DLFCN_H 1
| #define LT_OBJDIR ".libs/"
| /* end confdefs.h.  */
| #include <ac_nonexistent.h>
configure:12188: result: g++ -E
configure:12208: g++ -E  conftest.cpp
configure:12208: $? = 0
configure:12222: g++ -E  conftest.cpp
conftest.cpp:23:28: fatal error: ac_nonexistent.h: No such file or directory
 #include <ac_nonexistent.h>
                            ^
compilation terminated.
configure:12222: $? = 1
configure: failed program was:
| /* confdefs.h */
| #define PACKAGE_NAME "tfs"
| #define PACKAGE_TARNAME "tfs"
| #define PACKAGE_VERSION "2.2.0"
| #define PACKAGE_STRING "tfs 2.2.0"
| #define PACKAGE_BUGREPORT "duolong@taobao.com"
| #define PACKAGE_URL ""
| #define PACKAGE "tfs"
| #define VERSION "2.2.0"
| #define STDC_HEADERS 1
| #define HAVE_SYS_TYPES_H 1
| #define HAVE_SYS_STAT_H 1
| #define HAVE_STDLIB_H 1
| #define HAVE_STRING_H 1
| #define HAVE_MEMORY_H 1
| #define HAVE_STRINGS_H 1
| #define HAVE_INTTYPES_H 1
| #define HAVE_STDINT_H 1
| #define HAVE_UNISTD_H 1
| #define HAVE_DLFCN_H 1
| #define LT_OBJDIR ".libs/"
| /* end confdefs.h.  */
| #include <ac_nonexistent.h>
configure:12391: checking for ld used by g++
configure:12458: result: /usr/bin/ld -m elf_x86_64
configure:12465: checking if the linker (/usr/bin/ld -m elf_x86_64) is GNU ld
configure:12480: result: yes
configure:12535: checking whether the g++ linker (/usr/bin/ld -m elf_x86_64) supports shared libraries
configure:13540: result: yes
configure:13576: g++ -c -g -O2  conftest.cpp >&5
configure:13579: $? = 0
configure:14099: checking for g++ option to produce PIC
configure:14106: result: -fPIC -DPIC
configure:14114: checking if g++ PIC flag -fPIC -DPIC works
configure:14132: g++ -c -g -O2  -fPIC -DPIC -DPIC conftest.cpp >&5
configure:14136: $? = 0
configure:14149: result: yes
configure:14172: checking if g++ static flag -static works
configure:14200: result: no
configure:14212: checking if g++ supports -c -o file.o
configure:14233: g++ -c -g -O2  -o out/conftest2.o conftest.cpp >&5
configure:14237: $? = 0
configure:14259: result: yes
configure:14264: checking if g++ supports -c -o file.o
configure:14311: result: yes
configure:14341: checking whether the g++ linker (/usr/bin/ld -m elf_x86_64) supports shared libraries
configure:14377: result: yes
configure:14518: checking dynamic linker characteristics
configure:15189: result: GNU/Linux ld.so
configure:15242: checking how to hardcode library paths into programs
configure:15267: result: immediate
configure:15331: checking for main in -lc
configure:15350: gcc -o conftest -g -O2   conftest.c -lc   >&5
configure:15350: $? = 0
configure:15359: result: yes
configure:15371: checking for main in -ldl
configure:15390: gcc -o conftest -g -O2   conftest.c -ldl  -lc  >&5
configure:15390: $? = 0
configure:15399: result: yes
configure:15411: checking for main in -lm
configure:15430: gcc -o conftest -g -O2   conftest.c -lm  -ldl -lc  >&5
configure:15430: $? = 0
configure:15439: result: yes
configure:15451: checking for main in -lpthread
configure:15470: gcc -o conftest -g -O2   conftest.c -lpthread  -lm -ldl -lc  >&5
configure:15470: $? = 0
configure:15479: result: yes
configure:15491: checking for main in -lrt
configure:15510: gcc -o conftest -g -O2   conftest.c -lrt  -lpthread -lm -ldl -lc  >&5
configure:15510: $? = 0
configure:15519: result: yes
configure:15533: checking for main in -lmysqlclient
configure:15552: gcc -o conftest -g -O2   conftest.c -lmysqlclient  -lrt -lpthread -lm -ldl -lc  >&5
/usr/bin/ld: cannot find -lmysqlclient
collect2: error: ld returned 1 exit status
configure:15552: $? = 1
configure: failed program was:
| /* confdefs.h */
| #define PACKAGE_NAME "tfs"
| #define PACKAGE_TARNAME "tfs"
| #define PACKAGE_VERSION "2.2.0"
| #define PACKAGE_STRING "tfs 2.2.0"
| #define PACKAGE_BUGREPORT "duolong@taobao.com"
| #define PACKAGE_URL ""
| #define PACKAGE "tfs"
| #define VERSION "2.2.0"
| #define STDC_HEADERS 1
| #define HAVE_SYS_TYPES_H 1
| #define HAVE_SYS_STAT_H 1
| #define HAVE_STDLIB_H 1
| #define HAVE_STRING_H 1
| #define HAVE_MEMORY_H 1
| #define HAVE_STRINGS_H 1
| #define HAVE_INTTYPES_H 1
| #define HAVE_STDINT_H 1
| #define HAVE_UNISTD_H 1
| #define HAVE_DLFCN_H 1
| #define LT_OBJDIR ".libs/"
| #define HAVE_LIBC 1
| #define HAVE_LIBDL 1
| #define HAVE_LIBM 1
| #define HAVE_LIBPTHREAD 1
| #define HAVE_LIBRT 1
| /* end confdefs.h.  */
| 
| 
| int
| main ()
| {
| return main ();
|   ;
|   return 0;
| }
configure:15561: result: no
configure:15599: checking readline/readline.h usability
configure:15599: gcc -c -g -O2  conftest.c >&5
configure:15599: $? = 0
configure:15599: result: yes
configure:15599: checking readline/readline.h presence
configure:15599: gcc -E  conftest.c
configure:15599: $? = 0
configure:15599: result: yes
configure:15599: checking for readline/readline.h
configure:15599: result: yes
configure:15599: checking readline/history.h usability
configure:15599: gcc -c -g -O2  conftest.c >&5
configure:15599: $? = 0
configure:15599: result: yes
configure:15599: checking readline/history.h presence
configure:15599: gcc -E  conftest.c
configure:15599: $? = 0
configure:15599: result: yes
configure:15599: checking for readline/history.h
configure:15599: result: yes
configure:15612: checking for main in -ltermcap
configure:15631: gcc -o conftest -g -O2   conftest.c -ltermcap  -lrt -lpthread -lm -ldl -lc  >&5
configure:15631: $? = 0
configure:15640: result: yes
configure:15649: checking for main in -lreadline
configure:15668: gcc -o conftest -g -O2   conftest.c -lreadline -ltermcap -lrt -lpthread -lm -ldl -lc  >&5
configure:15668: $? = 0
configure:15677: result: yes
configure:15752: checking if fallocate is implemented
configure:15785: gcc -o conftest -g -O2   conftest.c -lrt -lpthread -lm -ldl -lc  >&5
conftest.c: In function 'main':
conftest.c:41:9: warning: incompatible implicit declaration of built-in function 'exit' [enabled by default]
         exit(1);
         ^
conftest.c:46:7: warning: incompatible implicit declaration of built-in function 'exit' [enabled by default]
       exit(0);
       ^
configure:15785: $? = 0
configure:15785: ./conftest
configure:15785: $? = 0
configure:15796: result: yes
configure:15837: checking for dirent.h that defines DIR
configure:15856: gcc -c -g -O2  conftest.c >&5
configure:15856: $? = 0
configure:15864: result: yes
configure:15877: checking for library containing opendir
configure:15908: gcc -o conftest -g -O2   conftest.c -lrt -lpthread -lm -ldl -lc  >&5
configure:15908: $? = 0
configure:15925: result: none required
configure:15992: checking for ANSI C header files
configure:16096: result: yes
configure:16107: checking arpa/inet.h usability
configure:16107: gcc -c -g -O2  conftest.c >&5
configure:16107: $? = 0
configure:16107: result: yes
configure:16107: checking arpa/inet.h presence
configure:16107: gcc -E  conftest.c
configure:16107: $? = 0
configure:16107: result: yes
configure:16107: checking for arpa/inet.h
configure:16107: result: yes
configure:16107: checking fcntl.h usability
configure:16107: gcc -c -g -O2  conftest.c >&5
configure:16107: $? = 0
configure:16107: result: yes
configure:16107: checking fcntl.h presence
configure:16107: gcc -E  conftest.c
configure:16107: $? = 0
configure:16107: result: yes
configure:16107: checking for fcntl.h
configure:16107: result: yes
configure:16107: checking for inttypes.h
configure:16107: result: yes
configure:16107: checking limits.h usability
configure:16107: gcc -c -g -O2  conftest.c >&5
configure:16107: $? = 0
configure:16107: result: yes
configure:16107: checking limits.h presence
configure:16107: gcc -E  conftest.c
configure:16107: $? = 0
configure:16107: result: yes
configure:16107: checking for limits.h
configure:16107: result: yes
configure:16107: checking netdb.h usability
configure:16107: gcc -c -g -O2  conftest.c >&5
configure:16107: $? = 0
configure:16107: result: yes
configure:16107: checking netdb.h presence
configure:16107: gcc -E  conftest.c
configure:16107: $? = 0
configure:16107: result: yes
configure:16107: checking for netdb.h
configure:16107: result: yes
configure:16107: checking netinet/in.h usability
configure:16107: gcc -c -g -O2  conftest.c >&5
configure:16107: $? = 0
configure:16107: result: yes
configure:16107: checking netinet/in.h presence
configure:16107: gcc -E  conftest.c
configure:16107: $? = 0
configure:16107: result: yes
configure:16107: checking for netinet/in.h
configure:16107: result: yes
configure:16107: checking for stdint.h
configure:16107: result: yes
configure:16107: checking for stdlib.h
configure:16107: result: yes
configure:16107: checking for string.h
configure:16107: result: yes
configure:16107: checking sys/ioctl.h usability
configure:16107: gcc -c -g -O2  conftest.c >&5
configure:16107: $? = 0
configure:16107: result: yes
configure:16107: checking sys/ioctl.h presence
configure:16107: gcc -E  conftest.c
configure:16107: $? = 0
configure:16107: result: yes
configure:16107: checking for sys/ioctl.h
configure:16107: result: yes
configure:16107: checking sys/socket.h usability
configure:16107: gcc -c -g -O2  conftest.c >&5
configure:16107: $? = 0
configure:16107: result: yes
configure:16107: checking sys/socket.h presence
configure:16107: gcc -E  conftest.c
configure:16107: $? = 0
configure:16107: result: yes
configure:16107: checking for sys/socket.h
configure:16107: result: yes
configure:16107: checking sys/time.h usability
configure:16107: gcc -c -g -O2  conftest.c >&5
configure:16107: $? = 0
configure:16107: result: yes
configure:16107: checking sys/time.h presence
configure:16107: gcc -E  conftest.c
configure:16107: $? = 0
configure:16107: result: yes
configure:16107: checking for sys/time.h
configure:16107: result: yes
configure:16107: checking sys/vfs.h usability
configure:16107: gcc -c -g -O2  conftest.c >&5
configure:16107: $? = 0
configure:16107: result: yes
configure:16107: checking sys/vfs.h presence
configure:16107: gcc -E  conftest.c
configure:16107: $? = 0
configure:16107: result: yes
configure:16107: checking for sys/vfs.h
configure:16107: result: yes
configure:16107: checking for unistd.h
configure:16107: result: yes
configure:16119: checking for stdbool.h that conforms to C99
configure:16186: gcc -c -g -O2  conftest.c >&5
configure:16186: $? = 0
configure:16193: result: yes
configure:16195: checking for _Bool
configure:16195: gcc -c -g -O2  conftest.c >&5
configure:16195: $? = 0
configure:16195: gcc -c -g -O2  conftest.c >&5
conftest.c: In function 'main':
conftest.c:83:20: error: expected expression before ')' token
 if (sizeof ((_Bool)))
                    ^
configure:16195: $? = 1
configure: failed program was:
| /* confdefs.h */
| #define PACKAGE_NAME "tfs"
| #define PACKAGE_TARNAME "tfs"
| #define PACKAGE_VERSION "2.2.0"
| #define PACKAGE_STRING "tfs 2.2.0"
| #define PACKAGE_BUGREPORT "duolong@taobao.com"
| #define PACKAGE_URL ""
| #define PACKAGE "tfs"
| #define VERSION "2.2.0"
| #define STDC_HEADERS 1
| #define HAVE_SYS_TYPES_H 1
| #define HAVE_SYS_STAT_H 1
| #define HAVE_STDLIB_H 1
| #define HAVE_STRING_H 1
| #define HAVE_MEMORY_H 1
| #define HAVE_STRINGS_H 1
| #define HAVE_INTTYPES_H 1
| #define HAVE_STDINT_H 1
| #define HAVE_UNISTD_H 1
| #define HAVE_DLFCN_H 1
| #define LT_OBJDIR ".libs/"
| #define HAVE_LIBC 1
| #define HAVE_LIBDL 1
| #define HAVE_LIBM 1
| #define HAVE_LIBPTHREAD 1
| #define HAVE_LIBRT 1
| #define HAVE_READLINE_READLINE_H 1
| #define HAVE_READLINE_HISTORY_H 1
| #define TFS_DS_FALLOCATE 1
| #define HAVE_DIRENT_H 1
| #define STDC_HEADERS 1
| #define HAVE_ARPA_INET_H 1
| #define HAVE_FCNTL_H 1
| #define HAVE_INTTYPES_H 1
| #define HAVE_LIMITS_H 1
| #define HAVE_NETDB_H 1
| #define HAVE_NETINET_IN_H 1
| #define HAVE_STDINT_H 1
| #define HAVE_STDLIB_H 1
| #define HAVE_STRING_H 1
| #define HAVE_SYS_IOCTL_H 1
| #define HAVE_SYS_SOCKET_H 1
| #define HAVE_SYS_TIME_H 1
| #define HAVE_SYS_VFS_H 1
| #define HAVE_UNISTD_H 1
| /* end confdefs.h.  */
| #include <stdio.h>
| #ifdef HAVE_SYS_TYPES_H
| # include <sys/types.h>
| #endif
| #ifdef HAVE_SYS_STAT_H
| # include <sys/stat.h>
| #endif
| #ifdef STDC_HEADERS
| # include <stdlib.h>
| # include <stddef.h>
| #else
| # ifdef HAVE_STDLIB_H
| #  include <stdlib.h>
| # endif
| #endif
| #ifdef HAVE_STRING_H
| # if !defined STDC_HEADERS && defined HAVE_MEMORY_H
| #  include <memory.h>
| # endif
| # include <string.h>
| #endif
| #ifdef HAVE_STRINGS_H
| # include <strings.h>
| #endif
| #ifdef HAVE_INTTYPES_H
| # include <inttypes.h>
| #endif
| #ifdef HAVE_STDINT_H
| # include <stdint.h>
| #endif
| #ifdef HAVE_UNISTD_H
| # include <unistd.h>
| #endif
| int
| main ()
| {
| if (sizeof ((_Bool)))
| 	    return 0;
|   ;
|   return 0;
| }
configure:16195: result: yes
configure:16212: checking for an ANSI C-conforming const
configure:16278: gcc -c -g -O2  conftest.c >&5
configure:16278: $? = 0
configure:16285: result: yes
configure:16293: checking for inline
configure:16309: gcc -c -g -O2  conftest.c >&5
configure:16309: $? = 0
configure:16317: result: inline
configure:16335: checking for mode_t
configure:16335: gcc -c -g -O2  conftest.c >&5
configure:16335: $? = 0
configure:16335: gcc -c -g -O2  conftest.c >&5
conftest.c: In function 'main':
conftest.c:85:21: error: expected expression before ')' token
 if (sizeof ((mode_t)))
                     ^
configure:16335: $? = 1
configure: failed program was:
| /* confdefs.h */
| #define PACKAGE_NAME "tfs"
| #define PACKAGE_TARNAME "tfs"
| #define PACKAGE_VERSION "2.2.0"
| #define PACKAGE_STRING "tfs 2.2.0"
| #define PACKAGE_BUGREPORT "duolong@taobao.com"
| #define PACKAGE_URL ""
| #define PACKAGE "tfs"
| #define VERSION "2.2.0"
| #define STDC_HEADERS 1
| #define HAVE_SYS_TYPES_H 1
| #define HAVE_SYS_STAT_H 1
| #define HAVE_STDLIB_H 1
| #define HAVE_STRING_H 1
| #define HAVE_MEMORY_H 1
| #define HAVE_STRINGS_H 1
| #define HAVE_INTTYPES_H 1
| #define HAVE_STDINT_H 1
| #define HAVE_UNISTD_H 1
| #define HAVE_DLFCN_H 1
| #define LT_OBJDIR ".libs/"
| #define HAVE_LIBC 1
| #define HAVE_LIBDL 1
| #define HAVE_LIBM 1
| #define HAVE_LIBPTHREAD 1
| #define HAVE_LIBRT 1
| #define HAVE_READLINE_READLINE_H 1
| #define HAVE_READLINE_HISTORY_H 1
| #define TFS_DS_FALLOCATE 1
| #define HAVE_DIRENT_H 1
| #define STDC_HEADERS 1
| #define HAVE_ARPA_INET_H 1
| #define HAVE_FCNTL_H 1
| #define HAVE_INTTYPES_H 1
| #define HAVE_LIMITS_H 1
| #define HAVE_NETDB_H 1
| #define HAVE_NETINET_IN_H 1
| #define HAVE_STDINT_H 1
| #define HAVE_STDLIB_H 1
| #define HAVE_STRING_H 1
| #define HAVE_SYS_IOCTL_H 1
| #define HAVE_SYS_SOCKET_H 1
| #define HAVE_SYS_TIME_H 1
| #define HAVE_SYS_VFS_H 1
| #define HAVE_UNISTD_H 1
| #define HAVE__BOOL 1
| #define HAVE_STDBOOL_H 1
| /* end confdefs.h.  */
| #include <stdio.h>
| #ifdef HAVE_SYS_TYPES_H
| # include <sys/types.h>
| #endif
| #ifdef HAVE_SYS_STAT_H
| # include <sys/stat.h>
| #endif
| #ifdef STDC_HEADERS
| # include <stdlib.h>
| # include <stddef.h>
| #else
| # ifdef HAVE_STDLIB_H
| #  include <stdlib.h>
| # endif
| #endif
| #ifdef HAVE_STRING_H
| # if !defined STDC_HEADERS && defined HAVE_MEMORY_H
| #  include <memory.h>
| # endif
| # include <string.h>
| #endif
| #ifdef HAVE_STRINGS_H
| # include <strings.h>
| #endif
| #ifdef HAVE_INTTYPES_H
| # include <inttypes.h>
| #endif
| #ifdef HAVE_STDINT_H
| # include <stdint.h>
| #endif
| #ifdef HAVE_UNISTD_H
| # include <unistd.h>
| #endif
| int
| main ()
| {
| if (sizeof ((mode_t)))
| 	    return 0;
|   ;
|   return 0;
| }
configure:16335: result: yes
configure:16346: checking for off_t
configure:16346: gcc -c -g -O2  conftest.c >&5
configure:16346: $? = 0
configure:16346: gcc -c -g -O2  conftest.c >&5
conftest.c: In function 'main':
conftest.c:85:20: error: expected expression before ')' token
 if (sizeof ((off_t)))
                    ^
configure:16346: $? = 1
configure: failed program was:
| /* confdefs.h */
| #define PACKAGE_NAME "tfs"
| #define PACKAGE_TARNAME "tfs"
| #define PACKAGE_VERSION "2.2.0"
| #define PACKAGE_STRING "tfs 2.2.0"
| #define PACKAGE_BUGREPORT "duolong@taobao.com"
| #define PACKAGE_URL ""
| #define PACKAGE "tfs"
| #define VERSION "2.2.0"
| #define STDC_HEADERS 1
| #define HAVE_SYS_TYPES_H 1
| #define HAVE_SYS_STAT_H 1
| #define HAVE_STDLIB_H 1
| #define HAVE_STRING_H 1
| #define HAVE_MEMORY_H 1
| #define HAVE_STRINGS_H 1
| #define HAVE_INTTYPES_H 1
| #define HAVE_STDINT_H 1
| #define HAVE_UNISTD_H 1
| #define HAVE_DLFCN_H 1
| #define LT_OBJDIR ".libs/"
| #define HAVE_LIBC 1
| #define HAVE_LIBDL 1
| #define HAVE_LIBM 1
| #define HAVE_LIBPTHREAD 1
| #define HAVE_LIBRT 1
| #define HAVE_READLINE_READLINE_H 1
| #define HAVE_READLINE_HISTORY_H 1
| #define TFS_DS_FALLOCATE 1
| #define HAVE_DIRENT_H 1
| #define STDC_HEADERS 1
| #define HAVE_ARPA_INET_H 1
| #define HAVE_FCNTL_H 1
| #define HAVE_INTTYPES_H 1
| #define HAVE_LIMITS_H 1
| #define HAVE_NETDB_H 1
| #define HAVE_NETINET_IN_H 1
| #define HAVE_STDINT_H 1
| #define HAVE_STDLIB_H 1
| #define HAVE_STRING_H 1
| #define HAVE_SYS_IOCTL_H 1
| #define HAVE_SYS_SOCKET_H 1
| #define HAVE_SYS_TIME_H 1
| #define HAVE_SYS_VFS_H 1
| #define HAVE_UNISTD_H 1
| #define HAVE__BOOL 1
| #define HAVE_STDBOOL_H 1
| /* end confdefs.h.  */
| #include <stdio.h>
| #ifdef HAVE_SYS_TYPES_H
| # include <sys/types.h>
| #endif
| #ifdef HAVE_SYS_STAT_H
| # include <sys/stat.h>
| #endif
| #ifdef STDC_HEADERS
| # include <stdlib.h>
| # include <stddef.h>
| #else
| # ifdef HAVE_STDLIB_H
| #  include <stdlib.h>
| # endif
| #endif
| #ifdef HAVE_STRING_H
| # if !defined STDC_HEADERS && defined HAVE_MEMORY_H
| #  include <memory.h>
| # endif
| # include <string.h>
| #endif
| #ifdef HAVE_STRINGS_H
| # include <strings.h>
| #endif
| #ifdef HAVE_INTTYPES_H
| # include <inttypes.h>
| #endif
| #ifdef HAVE_STDINT_H
| # include <stdint.h>
| #endif
| #ifdef HAVE_UNISTD_H
| # include <unistd.h>
| #endif
| int
| main ()
| {
| if (sizeof ((off_t)))
| 	    return 0;
|   ;
|   return 0;
| }
configure:16346: result: yes
configure:16357: checking for pid_t
configure:16357: gcc -c -g -O2  conftest.c >&5
configure:16357: $? = 0
configure:16357: gcc -c -g -O2  conftest.c >&5
conftest.c: In function 'main':
conftest.c:85:20: error: expected expression before ')' token
 if (sizeof ((pid_t)))
                    ^
configure:16357: $? = 1
configure: failed program was:
| /* confdefs.h */
| #define PACKAGE_NAME "tfs"
| #define PACKAGE_TARNAME "tfs"
| #define PACKAGE_VERSION "2.2.0"
| #define PACKAGE_STRING "tfs 2.2.0"
| #define PACKAGE_BUGREPORT "duolong@taobao.com"
| #define PACKAGE_URL ""
| #define PACKAGE "tfs"
| #define VERSION "2.2.0"
| #define STDC_HEADERS 1
| #define HAVE_SYS_TYPES_H 1
| #define HAVE_SYS_STAT_H 1
| #define HAVE_STDLIB_H 1
| #define HAVE_STRING_H 1
| #define HAVE_MEMORY_H 1
| #define HAVE_STRINGS_H 1
| #define HAVE_INTTYPES_H 1
| #define HAVE_STDINT_H 1
| #define HAVE_UNISTD_H 1
| #define HAVE_DLFCN_H 1
| #define LT_OBJDIR ".libs/"
| #define HAVE_LIBC 1
| #define HAVE_LIBDL 1
| #define HAVE_LIBM 1
| #define HAVE_LIBPTHREAD 1
| #define HAVE_LIBRT 1
| #define HAVE_READLINE_READLINE_H 1
| #define HAVE_READLINE_HISTORY_H 1
| #define TFS_DS_FALLOCATE 1
| #define HAVE_DIRENT_H 1
| #define STDC_HEADERS 1
| #define HAVE_ARPA_INET_H 1
| #define HAVE_FCNTL_H 1
| #define HAVE_INTTYPES_H 1
| #define HAVE_LIMITS_H 1
| #define HAVE_NETDB_H 1
| #define HAVE_NETINET_IN_H 1
| #define HAVE_STDINT_H 1
| #define HAVE_STDLIB_H 1
| #define HAVE_STRING_H 1
| #define HAVE_SYS_IOCTL_H 1
| #define HAVE_SYS_SOCKET_H 1
| #define HAVE_SYS_TIME_H 1
| #define HAVE_SYS_VFS_H 1
| #define HAVE_UNISTD_H 1
| #define HAVE__BOOL 1
| #define HAVE_STDBOOL_H 1
| /* end confdefs.h.  */
| #include <stdio.h>
| #ifdef HAVE_SYS_TYPES_H
| # include <sys/types.h>
| #endif
| #ifdef HAVE_SYS_STAT_H
| # include <sys/stat.h>
| #endif
| #ifdef STDC_HEADERS
| # include <stdlib.h>
| # include <stddef.h>
| #else
| # ifdef HAVE_STDLIB_H
| #  include <stdlib.h>
| # endif
| #endif
| #ifdef HAVE_STRING_H
| # if !defined STDC_HEADERS && defined HAVE_MEMORY_H
| #  include <memory.h>
| # endif
| # include <string.h>
| #endif
| #ifdef HAVE_STRINGS_H
| # include <strings.h>
| #endif
| #ifdef HAVE_INTTYPES_H
| # include <inttypes.h>
| #endif
| #ifdef HAVE_STDINT_H
| # include <stdint.h>
| #endif
| #ifdef HAVE_UNISTD_H
| # include <unistd.h>
| #endif
| int
| main ()
| {
| if (sizeof ((pid_t)))
| 	    return 0;
|   ;
|   return 0;
| }
configure:16357: result: yes
configure:16368: checking for size_t
configure:16368: gcc -c -g -O2  conftest.c >&5
configure:16368: $? = 0
configure:16368: gcc -c -g -O2  conftest.c >&5
conftest.c: In function 'main':
conftest.c:85:21: error: expected expression before ')' token
 if (sizeof ((size_t)))
                     ^
configure:16368: $? = 1
configure: failed program was:
| /* confdefs.h */
| #define PACKAGE_NAME "tfs"
| #define PACKAGE_TARNAME "tfs"
| #define PACKAGE_VERSION "2.2.0"
| #define PACKAGE_STRING "tfs 2.2.0"
| #define PACKAGE_BUGREPORT "duolong@taobao.com"
| #define PACKAGE_URL ""
| #define PACKAGE "tfs"
| #define VERSION "2.2.0"
| #define STDC_HEADERS 1
| #define HAVE_SYS_TYPES_H 1
| #define HAVE_SYS_STAT_H 1
| #define HAVE_STDLIB_H 1
| #define HAVE_STRING_H 1
| #define HAVE_MEMORY_H 1
| #define HAVE_STRINGS_H 1
| #define HAVE_INTTYPES_H 1
| #define HAVE_STDINT_H 1
| #define HAVE_UNISTD_H 1
| #define HAVE_DLFCN_H 1
| #define LT_OBJDIR ".libs/"
| #define HAVE_LIBC 1
| #define HAVE_LIBDL 1
| #define HAVE_LIBM 1
| #define HAVE_LIBPTHREAD 1
| #define HAVE_LIBRT 1
| #define HAVE_READLINE_READLINE_H 1
| #define HAVE_READLINE_HISTORY_H 1
| #define TFS_DS_FALLOCATE 1
| #define HAVE_DIRENT_H 1
| #define STDC_HEADERS 1
| #define HAVE_ARPA_INET_H 1
| #define HAVE_FCNTL_H 1
| #define HAVE_INTTYPES_H 1
| #define HAVE_LIMITS_H 1
| #define HAVE_NETDB_H 1
| #define HAVE_NETINET_IN_H 1
| #define HAVE_STDINT_H 1
| #define HAVE_STDLIB_H 1
| #define HAVE_STRING_H 1
| #define HAVE_SYS_IOCTL_H 1
| #define HAVE_SYS_SOCKET_H 1
| #define HAVE_SYS_TIME_H 1
| #define HAVE_SYS_VFS_H 1
| #define HAVE_UNISTD_H 1
| #define HAVE__BOOL 1
| #define HAVE_STDBOOL_H 1
| /* end confdefs.h.  */
| #include <stdio.h>
| #ifdef HAVE_SYS_TYPES_H
| # include <sys/types.h>
| #endif
| #ifdef HAVE_SYS_STAT_H
| # include <sys/stat.h>
| #endif
| #ifdef STDC_HEADERS
| # include <stdlib.h>
| # include <stddef.h>
| #else
| # ifdef HAVE_STDLIB_H
| #  include <stdlib.h>
| # endif
| #endif
| #ifdef HAVE_STRING_H
| # if !defined STDC_HEADERS && defined HAVE_MEMORY_H
| #  include <memory.h>
| # endif
| # include <string.h>
| #endif
| #ifdef HAVE_STRINGS_H
| # include <strings.h>
| #endif
| #ifdef HAVE_INTTYPES_H
| # include <inttypes.h>
| #endif
| #ifdef HAVE_STDINT_H
| # include <stdint.h>
| #endif
| #ifdef HAVE_UNISTD_H
| # include <unistd.h>
| #endif
| int
| main ()
| {
| if (sizeof ((size_t)))
| 	    return 0;
|   ;
|   return 0;
| }
configure:16368: result: yes
configure:16379: checking whether time.h and sys/time.h may both be included
configure:16399: gcc -c -g -O2  conftest.c >&5
configure:16399: $? = 0
configure:16406: result: yes
configure:16414: checking whether struct tm is in sys/time.h or time.h
configure:16434: gcc -c -g -O2  conftest.c >&5
configure:16434: $? = 0
configure:16441: result: time.h
configure:16451: checking whether closedir returns void
configure:16475: gcc -o conftest -g -O2   conftest.c -lrt -lpthread -lm -ldl -lc  >&5
configure:16475: $? = 0
configure:16475: ./conftest
configure:16475: $? = 0
configure:16485: result: no
configure:16493: checking for error_at_line
configure:16509: gcc -o conftest -g -O2   conftest.c -lrt -lpthread -lm -ldl -lc  >&5
configure:16509: $? = 0
configure:16517: result: yes
configure:16529: checking whether gcc needs -traditional
configure:16563: result: no
configure:16570: checking whether lstat correctly handles trailing slash
configure:16596: gcc -o conftest -g -O2   conftest.c -lrt -lpthread -lm -ldl -lc  >&5
configure:16596: $? = 0
configure:16596: ./conftest
configure:16596: $? = 0
configure:16613: result: yes
configure:16632: checking whether lstat accepts an empty string
configure:16652: gcc -o conftest -g -O2   conftest.c -lrt -lpthread -lm -ldl -lc  >&5
configure:16652: $? = 0
configure:16652: ./conftest
configure:16652: $? = 0
configure:16662: result: no
configure:16678: checking whether lstat correctly handles trailing slash
configure:16721: result: yes
configure:16742: checking for stdlib.h
configure:16742: result: yes
configure:16752: checking for GNU libc compatible malloc
configure:16776: gcc -o conftest -g -O2   conftest.c -lrt -lpthread -lm -ldl -lc  >&5
configure:16776: $? = 0
configure:16776: ./conftest
configure:16776: $? = 0
configure:16786: result: yes
configure:16807: checking for working memcmp
configure:16850: gcc -o conftest -g -O2   conftest.c -lrt -lpthread -lm -ldl -lc  >&5
configure:16850: $? = 0
configure:16850: ./conftest
configure:16850: $? = 0
configure:16860: result: yes
configure:16875: checking for stdlib.h
configure:16875: result: yes
configure:16875: checking for unistd.h
configure:16875: result: yes
configure:16875: checking for sys/param.h
configure:16875: gcc -c -g -O2  conftest.c >&5
configure:16875: $? = 0
configure:16875: result: yes
configure:16895: checking for getpagesize
configure:16895: gcc -o conftest -g -O2   conftest.c -lrt -lpthread -lm -ldl -lc  >&5
configure:16895: $? = 0
configure:16895: result: yes
configure:16904: checking for working mmap
configure:17051: gcc -o conftest -g -O2   conftest.c -lrt -lpthread -lm -ldl -lc  >&5
configure:17051: $? = 0
configure:17051: ./conftest
configure:17051: $? = 0
configure:17061: result: yes
configure:17072: checking for stdlib.h
configure:17072: result: yes
configure:17082: checking for GNU libc compatible realloc
configure:17106: gcc -o conftest -g -O2   conftest.c -lrt -lpthread -lm -ldl -lc  >&5
configure:17106: $? = 0
configure:17106: ./conftest
configure:17106: $? = 0
configure:17116: result: yes
configure:17137: checking return type of signal handlers
configure:17155: gcc -c -g -O2  conftest.c >&5
conftest.c: In function 'main':
conftest.c:67:1: error: void value not ignored as it ought to be
 return *(signal (0, 0)) (0) == 1;
 ^
configure:17155: $? = 1
configure: failed program was:
| /* confdefs.h */
| #define PACKAGE_NAME "tfs"
| #define PACKAGE_TARNAME "tfs"
| #define PACKAGE_VERSION "2.2.0"
| #define PACKAGE_STRING "tfs 2.2.0"
| #define PACKAGE_BUGREPORT "duolong@taobao.com"
| #define PACKAGE_URL ""
| #define PACKAGE "tfs"
| #define VERSION "2.2.0"
| #define STDC_HEADERS 1
| #define HAVE_SYS_TYPES_H 1
| #define HAVE_SYS_STAT_H 1
| #define HAVE_STDLIB_H 1
| #define HAVE_STRING_H 1
| #define HAVE_MEMORY_H 1
| #define HAVE_STRINGS_H 1
| #define HAVE_INTTYPES_H 1
| #define HAVE_STDINT_H 1
| #define HAVE_UNISTD_H 1
| #define HAVE_DLFCN_H 1
| #define LT_OBJDIR ".libs/"
| #define HAVE_LIBC 1
| #define HAVE_LIBDL 1
| #define HAVE_LIBM 1
| #define HAVE_LIBPTHREAD 1
| #define HAVE_LIBRT 1
| #define HAVE_READLINE_READLINE_H 1
| #define HAVE_READLINE_HISTORY_H 1
| #define TFS_DS_FALLOCATE 1
| #define HAVE_DIRENT_H 1
| #define STDC_HEADERS 1
| #define HAVE_ARPA_INET_H 1
| #define HAVE_FCNTL_H 1
| #define HAVE_INTTYPES_H 1
| #define HAVE_LIMITS_H 1
| #define HAVE_NETDB_H 1
| #define HAVE_NETINET_IN_H 1
| #define HAVE_STDINT_H 1
| #define HAVE_STDLIB_H 1
| #define HAVE_STRING_H 1
| #define HAVE_SYS_IOCTL_H 1
| #define HAVE_SYS_SOCKET_H 1
| #define HAVE_SYS_TIME_H 1
| #define HAVE_SYS_VFS_H 1
| #define HAVE_UNISTD_H 1
| #define HAVE__BOOL 1
| #define HAVE_STDBOOL_H 1
| #define TIME_WITH_SYS_TIME 1
| #define LSTAT_FOLLOWS_SLASHED_SYMLINK 1
| #define LSTAT_FOLLOWS_SLASHED_SYMLINK 1
| #define HAVE_STDLIB_H 1
| #define HAVE_MALLOC 1
| #define HAVE_STDLIB_H 1
| #define HAVE_UNISTD_H 1
| #define HAVE_SYS_PARAM_H 1
| #define HAVE_GETPAGESIZE 1
| #define HAVE_MMAP 1
| #define HAVE_STDLIB_H 1
| #define HAVE_REALLOC 1
| /* end confdefs.h.  */
| #include <sys/types.h>
| #include <signal.h>
| 
| int
| main ()
| {
| return *(signal (0, 0)) (0) == 1;
|   ;
|   return 0;
| }
configure:17162: result: void
configure:17170: checking whether stat accepts an empty string
configure:17190: gcc -o conftest -g -O2   conftest.c -lrt -lpthread -lm -ldl -lc  >&5
configure:17190: $? = 0
configure:17190: ./conftest
configure:17190: $? = 0
configure:17200: result: no
configure:17219: checking for fdatasync
configure:17219: gcc -o conftest -g -O2   conftest.c -lrt -lpthread -lm -ldl -lc  >&5
configure:17219: $? = 0
configure:17219: result: yes
configure:17219: checking for ftruncate
configure:17219: gcc -o conftest -g -O2   conftest.c -lrt -lpthread -lm -ldl -lc  >&5
configure:17219: $? = 0
configure:17219: result: yes
configure:17219: checking for gethostbyname
configure:17219: gcc -o conftest -g -O2   conftest.c -lrt -lpthread -lm -ldl -lc  >&5
configure:17219: $? = 0
configure:17219: result: yes
configure:17219: checking for getpagesize
configure:17219: result: yes
configure:17219: checking for gettimeofday
configure:17219: gcc -o conftest -g -O2   conftest.c -lrt -lpthread -lm -ldl -lc  >&5
configure:17219: $? = 0
configure:17219: result: yes
configure:17219: checking for memset
configure:17219: gcc -o conftest -g -O2   conftest.c -lrt -lpthread -lm -ldl -lc  >&5
conftest.c:90:6: warning: conflicting types for built-in function 'memset' [enabled by default]
 char memset ();
      ^
configure:17219: $? = 0
configure:17219: result: yes
configure:17219: checking for mkdir
configure:17219: gcc -o conftest -g -O2   conftest.c -lrt -lpthread -lm -ldl -lc  >&5
configure:17219: $? = 0
configure:17219: result: yes
configure:17219: checking for munmap
configure:17219: gcc -o conftest -g -O2   conftest.c -lrt -lpthread -lm -ldl -lc  >&5
configure:17219: $? = 0
configure:17219: result: yes
configure:17219: checking for rmdir
configure:17219: gcc -o conftest -g -O2   conftest.c -lrt -lpthread -lm -ldl -lc  >&5
configure:17219: $? = 0
configure:17219: result: yes
configure:17219: checking for socket
configure:17219: gcc -o conftest -g -O2   conftest.c -lrt -lpthread -lm -ldl -lc  >&5
configure:17219: $? = 0
configure:17219: result: yes
configure:17219: checking for strcasecmp
configure:17219: gcc -o conftest -g -O2   conftest.c -lrt -lpthread -lm -ldl -lc  >&5
conftest.c:95:6: warning: conflicting types for built-in function 'strcasecmp' [enabled by default]
 char strcasecmp ();
      ^
configure:17219: $? = 0
configure:17219: result: yes
configure:17219: checking for strchr
configure:17219: gcc -o conftest -g -O2   conftest.c -lrt -lpthread -lm -ldl -lc  >&5
conftest.c:96:6: warning: conflicting types for built-in function 'strchr' [enabled by default]
 char strchr ();
      ^
configure:17219: $? = 0
configure:17219: result: yes
configure:17219: checking for strdup
configure:17219: gcc -o conftest -g -O2   conftest.c -lrt -lpthread -lm -ldl -lc  >&5
conftest.c:97:6: warning: conflicting types for built-in function 'strdup' [enabled by default]
 char strdup ();
      ^
configure:17219: $? = 0
configure:17219: result: yes
configure:17219: checking for strerror
configure:17219: gcc -o conftest -g -O2   conftest.c -lrt -lpthread -lm -ldl -lc  >&5
configure:17219: $? = 0
configure:17219: result: yes
configure:17219: checking for strstr
configure:17219: gcc -o conftest -g -O2   conftest.c -lrt -lpthread -lm -ldl -lc  >&5
conftest.c:99:6: warning: conflicting types for built-in function 'strstr' [enabled by default]
 char strstr ();
      ^
configure:17219: $? = 0
configure:17219: result: yes
configure:17219: checking for strtoul
configure:17219: gcc -o conftest -g -O2   conftest.c -lrt -lpthread -lm -ldl -lc  >&5
configure:17219: $? = 0
configure:17219: result: yes
configure:17219: checking for strtoull
configure:17219: gcc -o conftest -g -O2   conftest.c -lrt -lpthread -lm -ldl -lc  >&5
configure:17219: $? = 0
configure:17219: result: yes
configure:17219: checking for tzset
configure:17219: gcc -o conftest -g -O2   conftest.c -lrt -lpthread -lm -ldl -lc  >&5
configure:17219: $? = 0
configure:17219: result: yes
configure:17310: checking for mysql_config
configure:17328: found /usr/bin/mysql_config
configure:17341: result: /usr/bin/mysql_config
configure:17352: checking for MySQL libraries
configure:17365: result: yes
configure:17380: checking if MySQL version is >= 5.1.48
configure:17407: result: yes
configure:17450: checking for tc_cfree in -ltcmalloc
configure:17475: gcc -o conftest -g -O2   conftest.c -ltcmalloc  -lrt -lpthread -lm -ldl -lc  >&5
configure:17475: $? = 0
configure:17485: result: yes
configure:17725: checking that generated files are newer than configure
configure:17731: result: done
configure:17766: creating ./config.status

## ---------------------- ##
## Running config.status. ##
## ---------------------- ##

This file was extended by tfs config.status 2.2.0, which was
generated by GNU Autoconf 2.69.  Invocation command line was

  CONFIG_FILES    = 
  CONFIG_HEADERS  = 
  CONFIG_LINKS    = 
  CONFIG_COMMANDS = 
  $ ./config.status 

on localhost.localdomain

config.status:1123: creating Makefile
config.status:1123: creating conf/Makefile
config.status:1123: creating sql/Makefile
config.status:1123: creating sql/ms/Makefile
config.status:1123: creating sql/rcs/Makefile
config.status:1123: creating scripts/Makefile
config.status:1123: creating scripts/ha/Makefile
config.status:1123: creating src/Makefile
config.status:1123: creating src/adminserver/Makefile
config.status:1123: creating src/new_client/Makefile
config.status:1123: creating src/common/Makefile
config.status:1123: creating src/dataserver/Makefile
config.status:1123: creating src/message/Makefile
config.status:1123: creating src/monitor/Makefile
config.status:1123: creating src/nameserver/Makefile
config.status:1123: creating src/rcserver/Makefile
config.status:1123: creating src/name_meta_server/Makefile
config.status:1123: creating src/rootserver/Makefile
config.status:1123: creating src/checkserver/Makefile
config.status:1123: creating src/tools/Makefile
config.status:1123: creating src/tools/util/Makefile
config.status:1123: creating src/tools/dataserver/Makefile
config.status:1123: creating src/tools/nameserver/Makefile
config.status:1123: creating src/tools/adminserver/Makefile
config.status:1123: creating src/tools/transfer/Makefile
config.status:1123: creating src/tools/mock/Makefile
config.status:1123: creating src/tools/cluster/Makefile
config.status:1123: creating tests/Makefile
config.status:1123: creating tests/batch/Makefile
config.status:1123: creating tests/rcserver/Makefile
config.status:1123: creating tests/name_meta_server/Makefile
config.status:1123: creating tests/common/Makefile
config.status:1123: creating tests/rootserver/Makefile
config.status:1123: creating tests/dataserver/Makefile
config.status:1123: creating tests/intergrate/Makefile
config.status:1295: executing depfiles commands
config.status:1295: executing libtool commands

## ---------------- ##
## Cache variables. ##
## ---------------- ##

ac_cv_build=x86_64-unknown-linux-gnu
ac_cv_c_compiler_gnu=yes
ac_cv_c_const=yes
ac_cv_c_inline=inline
ac_cv_cxx_compiler_gnu=yes
ac_cv_env_CCC_set=
ac_cv_env_CCC_value=
ac_cv_env_CC_set=
ac_cv_env_CC_value=
ac_cv_env_CFLAGS_set=
ac_cv_env_CFLAGS_value=
ac_cv_env_CPPFLAGS_set=
ac_cv_env_CPPFLAGS_value=
ac_cv_env_CPP_set=
ac_cv_env_CPP_value=
ac_cv_env_CXXCPP_set=
ac_cv_env_CXXCPP_value=
ac_cv_env_CXXFLAGS_set=
ac_cv_env_CXXFLAGS_value=
ac_cv_env_CXX_set=
ac_cv_env_CXX_value=
ac_cv_env_LDFLAGS_set=
ac_cv_env_LDFLAGS_value=
ac_cv_env_LIBS_set=
ac_cv_env_LIBS_value=
ac_cv_env_build_alias_set=
ac_cv_env_build_alias_value=
ac_cv_env_host_alias_set=
ac_cv_env_host_alias_value=
ac_cv_env_target_alias_set=
ac_cv_env_target_alias_value=
ac_cv_func_closedir_void=no
ac_cv_func_fallocate=yes
ac_cv_func_fdatasync=yes
ac_cv_func_ftruncate=yes
ac_cv_func_gethostbyname=yes
ac_cv_func_getpagesize=yes
ac_cv_func_gettimeofday=yes
ac_cv_func_lstat_dereferences_slashed_symlink=yes
ac_cv_func_lstat_empty_string_bug=no
ac_cv_func_malloc_0_nonnull=yes
ac_cv_func_memcmp_working=yes
ac_cv_func_memset=yes
ac_cv_func_mkdir=yes
ac_cv_func_mmap_fixed_mapped=yes
ac_cv_func_munmap=yes
ac_cv_func_realloc_0_nonnull=yes
ac_cv_func_rmdir=yes
ac_cv_func_socket=yes
ac_cv_func_stat_empty_string_bug=no
ac_cv_func_strcasecmp=yes
ac_cv_func_strchr=yes
ac_cv_func_strdup=yes
ac_cv_func_strerror=yes
ac_cv_func_strstr=yes
ac_cv_func_strtoul=yes
ac_cv_func_strtoull=yes
ac_cv_func_tzset=yes
ac_cv_header_arpa_inet_h=yes
ac_cv_header_dirent_dirent_h=yes
ac_cv_header_dlfcn_h=yes
ac_cv_header_fcntl_h=yes
ac_cv_header_inttypes_h=yes
ac_cv_header_limits_h=yes
ac_cv_header_memory_h=yes
ac_cv_header_netdb_h=yes
ac_cv_header_netinet_in_h=yes
ac_cv_header_readline_history_h=yes
ac_cv_header_readline_readline_h=yes
ac_cv_header_stdbool_h=yes
ac_cv_header_stdc=yes
ac_cv_header_stdint_h=yes
ac_cv_header_stdlib_h=yes
ac_cv_header_string_h=yes
ac_cv_header_strings_h=yes
ac_cv_header_sys_ioctl_h=yes
ac_cv_header_sys_param_h=yes
ac_cv_header_sys_socket_h=yes
ac_cv_header_sys_stat_h=yes
ac_cv_header_sys_time_h=yes
ac_cv_header_sys_types_h=yes
ac_cv_header_sys_vfs_h=yes
ac_cv_header_time=yes
ac_cv_header_unistd_h=yes
ac_cv_host=x86_64-unknown-linux-gnu
ac_cv_lib_c_main=yes
ac_cv_lib_dl_main=yes
ac_cv_lib_error_at_line=yes
ac_cv_lib_m_main=yes
ac_cv_lib_mysqlclient_main=no
ac_cv_lib_pthread_main=yes
ac_cv_lib_readline_main=yes
ac_cv_lib_rt_main=yes
ac_cv_lib_tcmalloc___tc_cfree=yes
ac_cv_lib_termcap_main=yes
ac_cv_objext=o
ac_cv_path_EGREP='/usr/bin/grep -E'
ac_cv_path_FGREP='/usr/bin/grep -F'
ac_cv_path_GREP=/usr/bin/grep
ac_cv_path_MYSQL_CONFIG=/usr/bin/mysql_config
ac_cv_path_SED=/usr/bin/sed
ac_cv_path_install='/usr/bin/install -c'
ac_cv_path_mkdir=/usr/bin/mkdir
ac_cv_prog_AWK=gawk
ac_cv_prog_CPP='gcc -E'
ac_cv_prog_CXXCPP='g++ -E'
ac_cv_prog_ac_ct_AR=ar
ac_cv_prog_ac_ct_CC=gcc
ac_cv_prog_ac_ct_CXX=g++
ac_cv_prog_ac_ct_OBJDUMP=objdump
ac_cv_prog_ac_ct_RANLIB=ranlib
ac_cv_prog_ac_ct_STRIP=strip
ac_cv_prog_cc_c89=
ac_cv_prog_cc_g=yes
ac_cv_prog_cxx_g=yes
ac_cv_prog_gcc_traditional=no
ac_cv_prog_make_make_set=yes
ac_cv_search_opendir='none required'
ac_cv_struct_tm=time.h
ac_cv_type__Bool=yes
ac_cv_type_mode_t=yes
ac_cv_type_off_t=yes
ac_cv_type_pid_t=yes
ac_cv_type_signal=void
ac_cv_type_size_t=yes
am_cv_CC_dependencies_compiler_type=gcc3
am_cv_CXX_dependencies_compiler_type=gcc3
am_cv_make_support_nested_variables=yes
lt_cv_ar_at_file=@
lt_cv_archive_cmds_need_lc=no
lt_cv_deplibs_check_method=pass_all
lt_cv_file_magic_cmd='$MAGIC_CMD'
lt_cv_file_magic_test_file=
lt_cv_ld_reload_flag=-r
lt_cv_nm_interface='BSD nm'
lt_cv_objdir=.libs
lt_cv_path_LD=/usr/bin/ld
lt_cv_path_LDCXX='/usr/bin/ld -m elf_x86_64'
lt_cv_path_NM='/usr/bin/nm -B'
lt_cv_path_mainfest_tool=no
lt_cv_prog_compiler_c_o=yes
lt_cv_prog_compiler_c_o_CXX=yes
lt_cv_prog_compiler_pic='-fPIC -DPIC'
lt_cv_prog_compiler_pic_CXX='-fPIC -DPIC'
lt_cv_prog_compiler_pic_works=yes
lt_cv_prog_compiler_pic_works_CXX=yes
lt_cv_prog_compiler_rtti_exceptions=no
lt_cv_prog_compiler_static_works=no
lt_cv_prog_compiler_static_works_CXX=no
lt_cv_prog_gnu_ld=yes
lt_cv_prog_gnu_ldcxx=yes
lt_cv_sharedlib_from_linklib_cmd='printf %s\n'
lt_cv_shlibpath_overrides_runpath=no
lt_cv_sys_global_symbol_pipe='sed -n -e '\''s/^.*[	 ]\([ABCDGIRSTW][ABCDGIRSTW]*\)[	 ][	 ]*\([_A-Za-z][_A-Za-z0-9]*\)$/\1 \2 \2/p'\'' | sed '\''/ __gnu_lto/d'\'''
lt_cv_sys_global_symbol_to_c_name_address='sed -n -e '\''s/^: \([^ ]*\)[ ]*$/  {\"\1\", (void *) 0},/p'\'' -e '\''s/^[ABCDGIRSTW]* \([^ ]*\) \([^ ]*\)$/  {"\2", (void *) \&\2},/p'\'''
lt_cv_sys_global_symbol_to_c_name_address_lib_prefix='sed -n -e '\''s/^: \([^ ]*\)[ ]*$/  {\"\1\", (void *) 0},/p'\'' -e '\''s/^[ABCDGIRSTW]* \([^ ]*\) \(lib[^ ]*\)$/  {"\2", (void *) \&\2},/p'\'' -e '\''s/^[ABCDGIRSTW]* \([^ ]*\) \([^ ]*\)$/  {"lib\2", (void *) \&\2},/p'\'''
lt_cv_sys_global_symbol_to_cdecl='sed -n -e '\''s/^T .* \(.*\)$/extern int \1();/p'\'' -e '\''s/^[ABCDGIRSTW]* .* \(.*\)$/extern char \1;/p'\'''
lt_cv_sys_max_cmd_len=1572864
lt_cv_to_host_file_cmd=func_convert_file_noop
lt_cv_to_tool_file_cmd=func_convert_file_noop

## ----------------- ##
## Output variables. ##
## ----------------- ##

ACLOCAL='${SHELL} /usr/local/tfs_release-2.2.16/missing aclocal-1.13'
AMDEPBACKSLASH='\'
AMDEP_FALSE='#'
AMDEP_TRUE=''
AMTAR='$${TAR-tar}'
AM_BACKSLASH='\'
AM_DEFAULT_V='$(AM_DEFAULT_VERBOSITY)'
AM_DEFAULT_VERBOSITY='1'
AM_V='$(V)'
AR='ar'
AUTOCONF='${SHELL} /usr/local/tfs_release-2.2.16/missing autoconf'
AUTOHEADER='${SHELL} /usr/local/tfs_release-2.2.16/missing autoheader'
AUTOMAKE='${SHELL} /usr/local/tfs_release-2.2.16/missing automake-1.13'
AWK='gawk'
CC='gcc'
CCDEPMODE='depmode=gcc3'
CFLAGS='-g -O2'
CPP='gcc -E'
CPPFLAGS=''
CXX='g++'
CXXCPP='g++ -E'
CXXDEPMODE='depmode=gcc3'
CXXFLAGS='-g -D__STDC_LIMIT_MACROS -Wall -Werror -Wextra -Wunused-parameter -Wformat -Wconversion -Wdeprecated '
CYGPATH_W='echo'
DEFS='-DPACKAGE_NAME=\"tfs\" -DPACKAGE_TARNAME=\"tfs\" -DPACKAGE_VERSION=\"2.2.0\" -DPACKAGE_STRING=\"tfs\ 2.2.0\" -DPACKAGE_BUGREPORT=\"duolong@taobao.com\" -DPACKAGE_URL=\"\" -DPACKAGE=\"tfs\" -DVERSION=\"2.2.0\" -DSTDC_HEADERS=1 -DHAVE_SYS_TYPES_H=1 -DHAVE_SYS_STAT_H=1 -DHAVE_STDLIB_H=1 -DHAVE_STRING_H=1 -DHAVE_MEMORY_H=1 -DHAVE_STRINGS_H=1 -DHAVE_INTTYPES_H=1 -DHAVE_STDINT_H=1 -DHAVE_UNISTD_H=1 -DHAVE_DLFCN_H=1 -DLT_OBJDIR=\".libs/\" -DHAVE_LIBC=1 -DHAVE_LIBDL=1 -DHAVE_LIBM=1 -DHAVE_LIBPTHREAD=1 -DHAVE_LIBRT=1 -DHAVE_READLINE_READLINE_H=1 -DHAVE_READLINE_HISTORY_H=1 -DTFS_DS_FALLOCATE=1 -DHAVE_DIRENT_H=1 -DSTDC_HEADERS=1 -DHAVE_ARPA_INET_H=1 -DHAVE_FCNTL_H=1 -DHAVE_INTTYPES_H=1 -DHAVE_LIMITS_H=1 -DHAVE_NETDB_H=1 -DHAVE_NETINET_IN_H=1 -DHAVE_STDINT_H=1 -DHAVE_STDLIB_H=1 -DHAVE_STRING_H=1 -DHAVE_SYS_IOCTL_H=1 -DHAVE_SYS_SOCKET_H=1 -DHAVE_SYS_TIME_H=1 -DHAVE_SYS_VFS_H=1 -DHAVE_UNISTD_H=1 -DHAVE__BOOL=1 -DHAVE_STDBOOL_H=1 -DTIME_WITH_SYS_TIME=1 -DLSTAT_FOLLOWS_SLASHED_SYMLINK=1 -DLSTAT_FOLLOWS_SLASHED_SYMLINK=1 -DHAVE_STDLIB_H=1 -DHAVE_MALLOC=1 -DHAVE_STDLIB_H=1 -DHAVE_UNISTD_H=1 -DHAVE_SYS_PARAM_H=1 -DHAVE_GETPAGESIZE=1 -DHAVE_MMAP=1 -DHAVE_STDLIB_H=1 -DHAVE_REALLOC=1 -DRETSIGTYPE=void -DHAVE_FDATASYNC=1 -DHAVE_FTRUNCATE=1 -DHAVE_GETHOSTBYNAME=1 -DHAVE_GETPAGESIZE=1 -DHAVE_GETTIMEOFDAY=1 -DHAVE_MEMSET=1 -DHAVE_MKDIR=1 -DHAVE_MUNMAP=1 -DHAVE_RMDIR=1 -DHAVE_SOCKET=1 -DHAVE_STRCASECMP=1 -DHAVE_STRCHR=1 -DHAVE_STRDUP=1 -DHAVE_STRERROR=1 -DHAVE_STRSTR=1 -DHAVE_STRTOUL=1 -DHAVE_STRTOULL=1 -DHAVE_TZSET=1 -DHAVE_MYSQL=1'
DEPDIR='.deps'
DLLTOOL='false'
DSYMUTIL=''
DUMPBIN=''
ECHO_C=''
ECHO_N='-n'
ECHO_T=''
EGREP='/usr/bin/grep -E'
EXEEXT=''
FGREP='/usr/bin/grep -F'
GREP='/usr/bin/grep'
INSTALL_DATA='${INSTALL} -m 644'
INSTALL_PROGRAM='${INSTALL}'
INSTALL_SCRIPT='${INSTALL}'
INSTALL_STRIP_PROGRAM='$(install_sh) -c -s'
LD='/usr/bin/ld -m elf_x86_64'
LDFLAGS=''
LIBOBJS=''
LIBS='-lrt -lpthread -lm -ldl -lc '
LIBTOOL='$(SHELL) $(top_builddir)/libtool'
LIPO=''
LN_S='ln -s'
LTLIBOBJS=''
MAKEINFO='${SHELL} /usr/local/tfs_release-2.2.16/missing makeinfo'
MANIFEST_TOOL=':'
MKDIR_P='/usr/bin/mkdir -p'
MYSQL_CFLAGS='-I/usr/include/mysql'
MYSQL_CONFIG='/usr/bin/mysql_config'
MYSQL_LDFLAGS='-L/usr/lib64/mysql -lmysqlclient -lpthread -lz -lm -lssl -lcrypto -ldl'
MYSQL_VERSION='5.5.44'
NM='/usr/bin/nm -B'
NMEDIT=''
OBJDUMP='objdump'
OBJEXT='o'
OTOOL64=''
OTOOL=''
PACKAGE='tfs'
PACKAGE_BUGREPORT='duolong@taobao.com'
PACKAGE_NAME='tfs'
PACKAGE_STRING='tfs 2.2.0'
PACKAGE_TARNAME='tfs'
PACKAGE_URL=''
PACKAGE_VERSION='2.2.0'
PATH_SEPARATOR=':'
RANLIB='ranlib'
READLINE_INCLUDE='-D_WITH_READ_LINE'
READLINE_LIB=' -ltermcap -lreadline'
SED='/usr/bin/sed'
SET_MAKE=''
SHELL='/bin/sh'
STRIP='strip'
TAIR_CACHE_CPPFLAGS=''
TAIR_CACHE_LDFLAGS=''
TBLIB_ROOT='/usr/local/lib64/'
TCMALLOC_LDFLAGS='-ltcmalloc'
UNIQUE_STORE_CPPFLAGS=''
UNIQUE_STORE_LDFLAGS=''
VERSION='2.2.0'
WITH_TAIR_CACHE_FALSE=''
WITH_TAIR_CACHE_TRUE='#'
WITH_UNIQUE_STORE_FALSE=''
WITH_UNIQUE_STORE_TRUE='#'
ac_ct_AR='ar'
ac_ct_CC='gcc'
ac_ct_CXX='g++'
ac_ct_DUMPBIN=''
am__EXEEXT_FALSE=''
am__EXEEXT_TRUE='#'
am__fastdepCC_FALSE='#'
am__fastdepCC_TRUE=''
am__fastdepCXX_FALSE='#'
am__fastdepCXX_TRUE=''
am__include='include'
am__isrc=''
am__leading_dot='.'
am__nodep='_no'
am__quote=''
am__tar='$${TAR-tar} chof - "$$tardir"'
am__untar='$${TAR-tar} xf -'
bindir='${exec_prefix}/bin'
build='x86_64-unknown-linux-gnu'
build_alias=''
build_cpu='x86_64'
build_os='linux-gnu'
build_vendor='unknown'
datadir='${datarootdir}'
datarootdir='${prefix}/share'
docdir='${datarootdir}/doc/${PACKAGE_TARNAME}'
dvidir='${docdir}'
exec_prefix='${prefix}'
host='x86_64-unknown-linux-gnu'
host_alias=''
host_cpu='x86_64'
host_os='linux-gnu'
host_vendor='unknown'
htmldir='${docdir}'
includedir='${prefix}/include'
infodir='${datarootdir}/info'
install_sh='${SHELL} /usr/local/tfs_release-2.2.16/install-sh'
libdir='${exec_prefix}/lib'
libexecdir='${exec_prefix}/libexec'
localedir='${datarootdir}/locale'
localstatedir='${prefix}/var'
mandir='${datarootdir}/man'
mkdir_p='$(MKDIR_P)'
oldincludedir='/usr/include'
pdfdir='${docdir}'
prefix='/usr/local'
program_transform_name='s,x,x,'
psdir='${docdir}'
sbindir='${exec_prefix}/sbin'
sharedstatedir='${prefix}/com'
sysconfdir='${prefix}/etc'
target_alias=''

## ----------- ##
## confdefs.h. ##
## ----------- ##

/* confdefs.h */
#define PACKAGE_NAME "tfs"
#define PACKAGE_TARNAME "tfs"
#define PACKAGE_VERSION "2.2.0"
#define PACKAGE_STRING "tfs 2.2.0"
#define PACKAGE_BUGREPORT "duolong@taobao.com"
#define PACKAGE_URL ""
#define PACKAGE "tfs"
#define VERSION "2.2.0"
#define STDC_HEADERS 1
#define HAVE_SYS_TYPES_H 1
#define HAVE_SYS_STAT_H 1
#define HAVE_STDLIB_H 1
#define HAVE_STRING_H 1
#define HAVE_MEMORY_H 1
#define HAVE_STRINGS_H 1
#define HAVE_INTTYPES_H 1
#define HAVE_STDINT_H 1
#define HAVE_UNISTD_H 1
#define HAVE_DLFCN_H 1
#define LT_OBJDIR ".libs/"
#define HAVE_LIBC 1
#define HAVE_LIBDL 1
#define HAVE_LIBM 1
#define HAVE_LIBPTHREAD 1
#define HAVE_LIBRT 1
#define HAVE_READLINE_READLINE_H 1
#define HAVE_READLINE_HISTORY_H 1
#define TFS_DS_FALLOCATE 1
#define HAVE_DIRENT_H 1
#define STDC_HEADERS 1
#define HAVE_ARPA_INET_H 1
#define HAVE_FCNTL_H 1
#define HAVE_INTTYPES_H 1
#define HAVE_LIMITS_H 1
#define HAVE_NETDB_H 1
#define HAVE_NETINET_IN_H 1
#define HAVE_STDINT_H 1
#define HAVE_STDLIB_H 1
#define HAVE_STRING_H 1
#define HAVE_SYS_IOCTL_H 1
#define HAVE_SYS_SOCKET_H 1
#define HAVE_SYS_TIME_H 1
#define HAVE_SYS_VFS_H 1
#define HAVE_UNISTD_H 1
#define HAVE__BOOL 1
#define HAVE_STDBOOL_H 1
#define TIME_WITH_SYS_TIME 1
#define LSTAT_FOLLOWS_SLASHED_SYMLINK 1
#define LSTAT_FOLLOWS_SLASHED_SYMLINK 1
#define HAVE_STDLIB_H 1
#define HAVE_MALLOC 1
#define HAVE_STDLIB_H 1
#define HAVE_UNISTD_H 1
#define HAVE_SYS_PARAM_H 1
#define HAVE_GETPAGESIZE 1
#define HAVE_MMAP 1
#define HAVE_STDLIB_H 1
#define HAVE_REALLOC 1
#define RETSIGTYPE void
#define HAVE_FDATASYNC 1
#define HAVE_FTRUNCATE 1
#define HAVE_GETHOSTBYNAME 1
#define HAVE_GETPAGESIZE 1
#define HAVE_GETTIMEOFDAY 1
#define HAVE_MEMSET 1
#define HAVE_MKDIR 1
#define HAVE_MUNMAP 1
#define HAVE_RMDIR 1
#define HAVE_SOCKET 1
#define HAVE_STRCASECMP 1
#define HAVE_STRCHR 1
#define HAVE_STRDUP 1
#define HAVE_STRERROR 1
#define HAVE_STRSTR 1
#define HAVE_STRTOUL 1
#define HAVE_STRTOULL 1
#define HAVE_TZSET 1
#define HAVE_MYSQL 1

configure: exit 0
